<?xml version="1.0" encoding="UTF-8"?>
<!-- Generated by org.testng.reporters.JUnitReportReporter -->
<testsuite hostname="Suraiya" failures="0" tests="2" name="com.TN.TestCases.SearchProductTest" time="8.161" errors="0" timestamp="2024-12-09T00:51:33 EST" skipped="0">
  <testcase classname="com.TN.TestCases.SearchProductTest" name="searchWithValidProduct" time="4.176"/>
  <testcase classname="com.TN.TestCases.SearchProductTest" name="searchWithInvalidProduct" time="3.985"/>
</testsuite> <!-- com.TN.TestCases.SearchProductTest -->
