<?xml version="1.0" encoding="UTF-8"?>
<!-- Generated by org.testng.reporters.JUnitReportReporter -->
<testsuite hostname="Suraiya" failures="0" tests="1" name="com.TN.TestCases.Add2CartAndCheckoutTest" time="6.085" errors="0" timestamp="2024-12-09T00:51:33 EST" skipped="0">
  <testcase classname="com.TN.TestCases.Add2CartAndCheckoutTest" name="addValidProductToCart" time="6.085"/>
</testsuite> <!-- com.TN.TestCases.Add2CartAndCheckoutTest -->
