<?xml version="1.0" encoding="UTF-8"?>
<!-- Generated by org.testng.reporters.JUnitReportReporter -->
<testsuite hostname="Suraiya" failures="0" tests="1" name="com.TN.TestCases.Add2CartTest" time="6.645" errors="0" timestamp="2024-12-08T23:47:03 EST" skipped="0">
  <testcase classname="com.TN.TestCases.Add2CartTest" name="addValidProductToCart" time="6.645"/>
</testsuite> <!-- com.TN.TestCases.Add2CartTest -->
