<?xml version="1.0" encoding="UTF-8"?>
<!-- Generated by org.testng.reporters.JUnitReportReporter -->
<testsuite hostname="Suraiya" failures="0" tests="2" name="com.TN.TestCases.SearchProductTest" time="7.955" errors="0" timestamp="2024-12-09T03:25:23 EST" skipped="0">
  <testcase classname="com.TN.TestCases.SearchProductTest" name="searchWithValidProduct" time="3.702"/>
  <testcase classname="com.TN.TestCases.SearchProductTest" name="searchWithInvalidProduct" time="4.253"/>
</testsuite> <!-- com.TN.TestCases.SearchProductTest -->
