<?xml version="1.0" encoding="UTF-8"?>
<!-- Generated by org.testng.reporters.JUnitReportReporter -->
<testsuite hostname="Suraiya" failures="0" tests="1" name="com.TN.TestCases.Add2CartAndCheckoutTest" time="6.479" errors="0" timestamp="2024-12-13T23:06:22 EST" skipped="0">
  <testcase classname="com.TN.TestCases.Add2CartAndCheckoutTest" name="addValidProductToCart" time="6.479"/>
</testsuite> <!-- com.TN.TestCases.Add2CartAndCheckoutTest -->
