<?xml version="1.0" encoding="UTF-8"?>
<!-- Generated by org.testng.reporters.JUnitReportReporter -->
<testsuite hostname="Suraiya" failures="0" tests="2" name="com.TN.TestCases.LoginTest" time="11.939" errors="0" timestamp="2024-12-13T23:06:22 EST" skipped="0">
  <testcase classname="com.TN.TestCases.LoginTest" name="verifyLoginWithValidCredentials" time="7.138"/>
  <testcase classname="com.TN.TestCases.LoginTest" name="verifyLoginWithValidEmailInvalidPassword" time="4.801"/>
</testsuite> <!-- com.TN.TestCases.LoginTest -->
