<?xml version="1.0" encoding="UTF-8"?>
<!-- Generated by org.testng.reporters.JUnitReportReporter -->
<testsuite hostname="Suraiya" failures="0" tests="2" name="com.TN.TestCases.LoginTest" time="12.168" errors="0" timestamp="2024-12-14T23:35:33 EST" skipped="0">
  <testcase classname="com.TN.TestCases.LoginTest" name="verifyLoginWithValidCredentials" time="6.671"/>
  <testcase classname="com.TN.TestCases.LoginTest" name="verifyLoginWithValidEmailInvalidPassword" time="5.497"/>
</testsuite> <!-- com.TN.TestCases.LoginTest -->
