<?xml version="1.0" encoding="UTF-8"?>
<!-- Generated by org.testng.reporters.JUnitReportReporter -->
<testsuite hostname="Suraiya" failures="0" tests="2" name="com.TN.TestCases.RegisterTest" time="11.369" errors="0" timestamp="2024-12-09T03:46:51 EST" skipped="0">
  <testcase classname="com.TN.TestCases.RegisterTest" name="verifyRegisterWithMandatoryDetails" time="5.815"/>
  <testcase classname="com.TN.TestCases.RegisterTest" name="verifyRegisterWithIncorrectConfirmPassword" time="5.554"/>
</testsuite> <!-- com.TN.TestCases.RegisterTest -->
