<?xml version="1.0" encoding="UTF-8"?>
<!-- Generated by org.testng.reporters.JUnitReportReporter -->
<testsuite hostname="Suraiya" failures="0" tests="2" name="com.TN.TestCases.RegisterTest" time="12.647" errors="0" timestamp="2024-12-14T23:35:33 EST" skipped="0">
  <testcase classname="com.TN.TestCases.RegisterTest" name="verifyRegisterWithMandatoryDetails" time="6.485"/>
  <testcase classname="com.TN.TestCases.RegisterTest" name="verifyRegisterWithIncorrectConfirmPassword" time="6.162"/>
</testsuite> <!-- com.TN.TestCases.RegisterTest -->
