<?xml version="1.0" encoding="UTF-8"?>
<!-- Generated by org.testng.reporters.JUnitReportReporter -->
<testsuite hostname="Suraiya" failures="0" tests="1" name="com.TN.TestCases.Add2CartAndCheckoutTest" time="9.606" errors="0" timestamp="2024-12-14T23:35:33 EST" skipped="0">
  <testcase classname="com.TN.TestCases.Add2CartAndCheckoutTest" name="addValidProductToCart" time="9.606"/>
</testsuite> <!-- com.TN.TestCases.Add2CartAndCheckoutTest -->
