<?xml version="1.0" encoding="UTF-8"?>
<!-- Generated by org.testng.reporters.JUnitReportReporter -->
<testsuite hostname="Suraiya" failures="0" tests="2" name="com.TN.TestCases.LoginTest" time="9.426" errors="0" timestamp="2024-12-09T03:46:51 EST" skipped="0">
  <testcase classname="com.TN.TestCases.LoginTest" name="verifyLoginWithValidCredentials" time="4.903"/>
  <testcase classname="com.TN.TestCases.LoginTest" name="verifyLoginWithValidEmailInvalidPassword" time="4.523"/>
</testsuite> <!-- com.TN.TestCases.LoginTest -->
