<?xml version="1.0" encoding="UTF-8"?>
<!-- Generated by org.testng.reporters.JUnitReportReporter -->
<testsuite hostname="Suraiya" failures="0" tests="2" name="com.TN.TestCases.SearchProductTest" time="8.483" errors="0" timestamp="2024-12-14T23:35:33 EST" skipped="0">
  <testcase classname="com.TN.TestCases.SearchProductTest" name="searchWithValidProduct" time="4.247"/>
  <testcase classname="com.TN.TestCases.SearchProductTest" name="searchWithInvalidProduct" time="4.236"/>
</testsuite> <!-- com.TN.TestCases.SearchProductTest -->
