<?xml version="1.0" encoding="UTF-8"?>
<!-- Generated by org.testng.reporters.JUnitReportReporter -->
<testsuite hostname="Suraiya" failures="0" tests="2" name="com.TN.TestCases.SearchProductTest" time="7.836" errors="0" timestamp="2024-12-09T03:46:51 EST" skipped="0">
  <testcase classname="com.TN.TestCases.SearchProductTest" name="searchWithValidProduct" time="3.855"/>
  <testcase classname="com.TN.TestCases.SearchProductTest" name="searchWithInvalidProduct" time="3.981"/>
</testsuite> <!-- com.TN.TestCases.SearchProductTest -->
